control_unit_logger - INFO - INSTRUCTION MEMORY - [['JMP', 2, 0], ['JMP', 3, 0], ['READ', 0, 0], ['PUSH', 0, 0], ['JEQ', 9, 0], ['POP', 0, 0], ['PRINT', 0, 0], ['JMP', 3, 0], ['HLT', 0, 0]]
control_unit_logger - INFO - CONTROL UNIT - Count of instructions 0 | Command pointer 0 
control_unit_logger - INFO - INCRUCTIONS - Executing JMP ADR 2
control_unit_logger - INFO - STACK MEMORY - []
control_unit_logger - INFO - CONTROL UNIT - Count of instructions 1 | Command pointer 1 
control_unit_logger - INFO - INCRUCTIONS - Executing JMP ADR 3
control_unit_logger - INFO - STACK MEMORY - []
control_unit_logger - INFO - CONTROL UNIT - Count of instructions 2 | Command pointer 2 
control_unit_logger - INFO - INCRUCTIONS - Executing READ VALUE 82
control_unit_logger - INFO - STACK MEMORY - [82]
control_unit_logger - INFO - CONTROL UNIT - Count of instructions 3 | Command pointer 3 
control_unit_logger - INFO - INCRUCTIONS - Executing PUSH VALUE #0
control_unit_logger - INFO - STACK MEMORY - [82, 0]
control_unit_logger - INFO - CONTROL UNIT - Count of instructions 4 | Command pointer 4 
control_unit_logger - INFO - ALU - Executing COMPARE == 82 and 0 | ALU result=0 | zero=False | result=False
control_unit_logger - INFO - INCRUCTIONS - Executing JEQ ADR 9
control_unit_logger - INFO - STACK MEMORY - [82, 0]
control_unit_logger - INFO - CONTROL UNIT - Count of instructions 5 | Command pointer 5 
control_unit_logger - INFO - INCRUCTIONS - Executing POP
control_unit_logger - INFO - STACK MEMORY - [82]
control_unit_logger - INFO - CONTROL UNIT - Count of instructions 6 | Command pointer 6 
control_unit_logger - INFO - INCRUCTIONS - Executing PRINT VALUE R
control_unit_logger - INFO - STACK MEMORY - []
control_unit_logger - INFO - CONTROL UNIT - Count of instructions 7 | Command pointer 7 
control_unit_logger - INFO - INCRUCTIONS - Executing JMP ADR 3
control_unit_logger - INFO - STACK MEMORY - []
control_unit_logger - INFO - CONTROL UNIT - Count of instructions 8 | Command pointer 2 
control_unit_logger - INFO - INCRUCTIONS - Executing READ VALUE 111
control_unit_logger - INFO - STACK MEMORY - [111]
control_unit_logger - INFO - CONTROL UNIT - Count of instructions 9 | Command pointer 3 
control_unit_logger - INFO - INCRUCTIONS - Executing PUSH VALUE #0
control_unit_logger - INFO - STACK MEMORY - [111, 0]
control_unit_logger - INFO - CONTROL UNIT - Count of instructions 10 | Command pointer 4 
control_unit_logger - INFO - ALU - Executing COMPARE == 111 and 0 | ALU result=0 | zero=False | result=False
control_unit_logger - INFO - INCRUCTIONS - Executing JEQ ADR 9
control_unit_logger - INFO - STACK MEMORY - [111, 0]
control_unit_logger - INFO - CONTROL UNIT - Count of instructions 11 | Command pointer 5 
control_unit_logger - INFO - INCRUCTIONS - Executing POP
control_unit_logger - INFO - STACK MEMORY - [111]
control_unit_logger - INFO - CONTROL UNIT - Count of instructions 12 | Command pointer 6 
control_unit_logger - INFO - INCRUCTIONS - Executing PRINT VALUE o
control_unit_logger - INFO - STACK MEMORY - []
control_unit_logger - INFO - CONTROL UNIT - Count of instructions 13 | Command pointer 7 
control_unit_logger - INFO - INCRUCTIONS - Executing JMP ADR 3
control_unit_logger - INFO - STACK MEMORY - []
control_unit_logger - INFO - CONTROL UNIT - Count of instructions 14 | Command pointer 2 
control_unit_logger - INFO - INCRUCTIONS - Executing READ VALUE 109
control_unit_logger - INFO - STACK MEMORY - [109]
control_unit_logger - INFO - CONTROL UNIT - Count of instructions 15 | Command pointer 3 
control_unit_logger - INFO - INCRUCTIONS - Executing PUSH VALUE #0
control_unit_logger - INFO - STACK MEMORY - [109, 0]
control_unit_logger - INFO - CONTROL UNIT - Count of instructions 16 | Command pointer 4 
control_unit_logger - INFO - ALU - Executing COMPARE == 109 and 0 | ALU result=0 | zero=False | result=False
control_unit_logger - INFO - INCRUCTIONS - Executing JEQ ADR 9
control_unit_logger - INFO - STACK MEMORY - [109, 0]
control_unit_logger - INFO - CONTROL UNIT - Count of instructions 17 | Command pointer 5 
control_unit_logger - INFO - INCRUCTIONS - Executing POP
control_unit_logger - INFO - STACK MEMORY - [109]
control_unit_logger - INFO - CONTROL UNIT - Count of instructions 18 | Command pointer 6 
control_unit_logger - INFO - INCRUCTIONS - Executing PRINT VALUE m
control_unit_logger - INFO - STACK MEMORY - []
control_unit_logger - INFO - CONTROL UNIT - Count of instructions 19 | Command pointer 7 
control_unit_logger - INFO - INCRUCTIONS - Executing JMP ADR 3
control_unit_logger - INFO - STACK MEMORY - []
control_unit_logger - INFO - CONTROL UNIT - Count of instructions 20 | Command pointer 2 
control_unit_logger - INFO - INCRUCTIONS - Executing READ VALUE 97
control_unit_logger - INFO - STACK MEMORY - [97]
control_unit_logger - INFO - CONTROL UNIT - Count of instructions 21 | Command pointer 3 
control_unit_logger - INFO - INCRUCTIONS - Executing PUSH VALUE #0
control_unit_logger - INFO - STACK MEMORY - [97, 0]
control_unit_logger - INFO - CONTROL UNIT - Count of instructions 22 | Command pointer 4 
control_unit_logger - INFO - ALU - Executing COMPARE == 97 and 0 | ALU result=0 | zero=False | result=False
control_unit_logger - INFO - INCRUCTIONS - Executing JEQ ADR 9
control_unit_logger - INFO - STACK MEMORY - [97, 0]
control_unit_logger - INFO - CONTROL UNIT - Count of instructions 23 | Command pointer 5 
control_unit_logger - INFO - INCRUCTIONS - Executing POP
control_unit_logger - INFO - STACK MEMORY - [97]
control_unit_logger - INFO - CONTROL UNIT - Count of instructions 24 | Command pointer 6 
control_unit_logger - INFO - INCRUCTIONS - Executing PRINT VALUE a
control_unit_logger - INFO - STACK MEMORY - []
control_unit_logger - INFO - CONTROL UNIT - Count of instructions 25 | Command pointer 7 
control_unit_logger - INFO - INCRUCTIONS - Executing JMP ADR 3
control_unit_logger - INFO - STACK MEMORY - []
control_unit_logger - INFO - CONTROL UNIT - Count of instructions 26 | Command pointer 2 
control_unit_logger - INFO - INCRUCTIONS - Executing READ VALUE 110
control_unit_logger - INFO - STACK MEMORY - [110]
control_unit_logger - INFO - CONTROL UNIT - Count of instructions 27 | Command pointer 3 
control_unit_logger - INFO - INCRUCTIONS - Executing PUSH VALUE #0
control_unit_logger - INFO - STACK MEMORY - [110, 0]
control_unit_logger - INFO - CONTROL UNIT - Count of instructions 28 | Command pointer 4 
control_unit_logger - INFO - ALU - Executing COMPARE == 110 and 0 | ALU result=0 | zero=False | result=False
control_unit_logger - INFO - INCRUCTIONS - Executing JEQ ADR 9
control_unit_logger - INFO - STACK MEMORY - [110, 0]
control_unit_logger - INFO - CONTROL UNIT - Count of instructions 29 | Command pointer 5 
control_unit_logger - INFO - INCRUCTIONS - Executing POP
control_unit_logger - INFO - STACK MEMORY - [110]
control_unit_logger - INFO - CONTROL UNIT - Count of instructions 30 | Command pointer 6 
control_unit_logger - INFO - INCRUCTIONS - Executing PRINT VALUE n
control_unit_logger - INFO - STACK MEMORY - []
control_unit_logger - INFO - CONTROL UNIT - Count of instructions 31 | Command pointer 7 
control_unit_logger - INFO - INCRUCTIONS - Executing JMP ADR 3
control_unit_logger - INFO - STACK MEMORY - []
control_unit_logger - INFO - CONTROL UNIT - Count of instructions 32 | Command pointer 2 
control_unit_logger - INFO - INCRUCTIONS - Executing READ VALUE 0
control_unit_logger - INFO - STACK MEMORY - [0]
control_unit_logger - INFO - CONTROL UNIT - Count of instructions 33 | Command pointer 3 
control_unit_logger - INFO - INCRUCTIONS - Executing PUSH VALUE #0
control_unit_logger - INFO - STACK MEMORY - [0, 0]
control_unit_logger - INFO - CONTROL UNIT - Count of instructions 34 | Command pointer 4 
control_unit_logger - INFO - ALU - Executing COMPARE == 0 and 0 | ALU result=1 | zero=False | result=False
control_unit_logger - INFO - INCRUCTIONS - Executing JEQ ADR 9
control_unit_logger - INFO - STACK MEMORY - [0, 0]
control_unit_logger - INFO - CONTROL UNIT - Count of instructions 35 | Command pointer 8 
control_unit_logger - INFO - INCRUCTIONS - Executing HLT
control_unit_logger - INFO - STACK MEMORY - [0, 0]
control_unit_logger - INFO - CONTROL UNIT - Count of instructions 36 | Command pointer 9 
control_unit_logger - INFO - INSTRUCTION MEMORY - [['JMP', 2, 0], ['JMP', 3, 0], ['READ', 0, 0], ['PUSH', 0, 0], ['JEQ', 9, 0], ['POP', 0, 0], ['PRINT', 0, 0], ['JMP', 3, 0], ['HLT', 0, 0], ['JMP', 2, 0], ['JMP', 3, 0], ['READ', 0, 0], ['PUSH', 0, 0], ['JEQ', 9, 0], ['POP', 0, 0], ['PRINT', 0, 0], ['JMP', 3, 0], ['HLT', 0, 0]]
control_unit_logger - INFO - CONTROL UNIT - Count of instructions 0 | Command pointer 0 
control_unit_logger - INFO - INCRUCTIONS - Executing JMP ADR 2
control_unit_logger - INFO - STACK MEMORY - []
control_unit_logger - INFO - CONTROL UNIT - Count of instructions 1 | Command pointer 1 
control_unit_logger - INFO - INCRUCTIONS - Executing JMP ADR 3
control_unit_logger - INFO - STACK MEMORY - []
control_unit_logger - INFO - CONTROL UNIT - Count of instructions 2 | Command pointer 2 
control_unit_logger - INFO - INCRUCTIONS - Executing READ VALUE 82
control_unit_logger - INFO - STACK MEMORY - [82]
control_unit_logger - INFO - CONTROL UNIT - Count of instructions 3 | Command pointer 3 
control_unit_logger - INFO - INCRUCTIONS - Executing PUSH VALUE #0
control_unit_logger - INFO - STACK MEMORY - [82, 0]
control_unit_logger - INFO - CONTROL UNIT - Count of instructions 4 | Command pointer 4 
control_unit_logger - INFO - ALU - Executing COMPARE == 82 and 0 | ALU result=0 | zero=False | result=False
control_unit_logger - INFO - INCRUCTIONS - Executing JEQ ADR 9
control_unit_logger - INFO - STACK MEMORY - [82, 0]
control_unit_logger - INFO - CONTROL UNIT - Count of instructions 5 | Command pointer 5 
control_unit_logger - INFO - INCRUCTIONS - Executing POP
control_unit_logger - INFO - STACK MEMORY - [82]
control_unit_logger - INFO - CONTROL UNIT - Count of instructions 6 | Command pointer 6 
control_unit_logger - INFO - INCRUCTIONS - Executing PRINT VALUE R
control_unit_logger - INFO - STACK MEMORY - []
control_unit_logger - INFO - CONTROL UNIT - Count of instructions 7 | Command pointer 7 
control_unit_logger - INFO - INCRUCTIONS - Executing JMP ADR 3
control_unit_logger - INFO - STACK MEMORY - []
control_unit_logger - INFO - CONTROL UNIT - Count of instructions 8 | Command pointer 2 
control_unit_logger - INFO - INCRUCTIONS - Executing READ VALUE 111
control_unit_logger - INFO - STACK MEMORY - [111]
control_unit_logger - INFO - CONTROL UNIT - Count of instructions 9 | Command pointer 3 
control_unit_logger - INFO - INCRUCTIONS - Executing PUSH VALUE #0
control_unit_logger - INFO - STACK MEMORY - [111, 0]
control_unit_logger - INFO - CONTROL UNIT - Count of instructions 10 | Command pointer 4 
control_unit_logger - INFO - ALU - Executing COMPARE == 111 and 0 | ALU result=0 | zero=False | result=False
control_unit_logger - INFO - INCRUCTIONS - Executing JEQ ADR 9
control_unit_logger - INFO - STACK MEMORY - [111, 0]
control_unit_logger - INFO - CONTROL UNIT - Count of instructions 11 | Command pointer 5 
control_unit_logger - INFO - INCRUCTIONS - Executing POP
control_unit_logger - INFO - STACK MEMORY - [111]
control_unit_logger - INFO - CONTROL UNIT - Count of instructions 12 | Command pointer 6 
control_unit_logger - INFO - INCRUCTIONS - Executing PRINT VALUE o
control_unit_logger - INFO - STACK MEMORY - []
control_unit_logger - INFO - CONTROL UNIT - Count of instructions 13 | Command pointer 7 
control_unit_logger - INFO - INCRUCTIONS - Executing JMP ADR 3
control_unit_logger - INFO - STACK MEMORY - []
control_unit_logger - INFO - CONTROL UNIT - Count of instructions 14 | Command pointer 2 
control_unit_logger - INFO - INCRUCTIONS - Executing READ VALUE 109
control_unit_logger - INFO - STACK MEMORY - [109]
control_unit_logger - INFO - CONTROL UNIT - Count of instructions 15 | Command pointer 3 
control_unit_logger - INFO - INCRUCTIONS - Executing PUSH VALUE #0
control_unit_logger - INFO - STACK MEMORY - [109, 0]
control_unit_logger - INFO - CONTROL UNIT - Count of instructions 16 | Command pointer 4 
control_unit_logger - INFO - ALU - Executing COMPARE == 109 and 0 | ALU result=0 | zero=False | result=False
control_unit_logger - INFO - INCRUCTIONS - Executing JEQ ADR 9
control_unit_logger - INFO - STACK MEMORY - [109, 0]
control_unit_logger - INFO - CONTROL UNIT - Count of instructions 17 | Command pointer 5 
control_unit_logger - INFO - INCRUCTIONS - Executing POP
control_unit_logger - INFO - STACK MEMORY - [109]
control_unit_logger - INFO - CONTROL UNIT - Count of instructions 18 | Command pointer 6 
control_unit_logger - INFO - INCRUCTIONS - Executing PRINT VALUE m
control_unit_logger - INFO - STACK MEMORY - []
control_unit_logger - INFO - CONTROL UNIT - Count of instructions 19 | Command pointer 7 
control_unit_logger - INFO - INCRUCTIONS - Executing JMP ADR 3
control_unit_logger - INFO - STACK MEMORY - []
control_unit_logger - INFO - CONTROL UNIT - Count of instructions 20 | Command pointer 2 
control_unit_logger - INFO - INCRUCTIONS - Executing READ VALUE 97
control_unit_logger - INFO - STACK MEMORY - [97]
control_unit_logger - INFO - CONTROL UNIT - Count of instructions 21 | Command pointer 3 
control_unit_logger - INFO - INCRUCTIONS - Executing PUSH VALUE #0
control_unit_logger - INFO - STACK MEMORY - [97, 0]
control_unit_logger - INFO - CONTROL UNIT - Count of instructions 22 | Command pointer 4 
control_unit_logger - INFO - ALU - Executing COMPARE == 97 and 0 | ALU result=0 | zero=False | result=False
control_unit_logger - INFO - INCRUCTIONS - Executing JEQ ADR 9
control_unit_logger - INFO - STACK MEMORY - [97, 0]
control_unit_logger - INFO - CONTROL UNIT - Count of instructions 23 | Command pointer 5 
control_unit_logger - INFO - INCRUCTIONS - Executing POP
control_unit_logger - INFO - STACK MEMORY - [97]
control_unit_logger - INFO - CONTROL UNIT - Count of instructions 24 | Command pointer 6 
control_unit_logger - INFO - INCRUCTIONS - Executing PRINT VALUE a
control_unit_logger - INFO - STACK MEMORY - []
control_unit_logger - INFO - CONTROL UNIT - Count of instructions 25 | Command pointer 7 
control_unit_logger - INFO - INCRUCTIONS - Executing JMP ADR 3
control_unit_logger - INFO - STACK MEMORY - []
control_unit_logger - INFO - CONTROL UNIT - Count of instructions 26 | Command pointer 2 
control_unit_logger - INFO - INCRUCTIONS - Executing READ VALUE 110
control_unit_logger - INFO - STACK MEMORY - [110]
control_unit_logger - INFO - CONTROL UNIT - Count of instructions 27 | Command pointer 3 
control_unit_logger - INFO - INCRUCTIONS - Executing PUSH VALUE #0
control_unit_logger - INFO - STACK MEMORY - [110, 0]
control_unit_logger - INFO - CONTROL UNIT - Count of instructions 28 | Command pointer 4 
control_unit_logger - INFO - ALU - Executing COMPARE == 110 and 0 | ALU result=0 | zero=False | result=False
control_unit_logger - INFO - INCRUCTIONS - Executing JEQ ADR 9
control_unit_logger - INFO - STACK MEMORY - [110, 0]
control_unit_logger - INFO - CONTROL UNIT - Count of instructions 29 | Command pointer 5 
control_unit_logger - INFO - INCRUCTIONS - Executing POP
control_unit_logger - INFO - STACK MEMORY - [110]
control_unit_logger - INFO - CONTROL UNIT - Count of instructions 30 | Command pointer 6 
control_unit_logger - INFO - INCRUCTIONS - Executing PRINT VALUE n
control_unit_logger - INFO - STACK MEMORY - []
control_unit_logger - INFO - CONTROL UNIT - Count of instructions 31 | Command pointer 7 
control_unit_logger - INFO - INCRUCTIONS - Executing JMP ADR 3
control_unit_logger - INFO - STACK MEMORY - []
control_unit_logger - INFO - CONTROL UNIT - Count of instructions 32 | Command pointer 2 
control_unit_logger - INFO - INCRUCTIONS - Executing READ VALUE 0
control_unit_logger - INFO - STACK MEMORY - [0]
control_unit_logger - INFO - CONTROL UNIT - Count of instructions 33 | Command pointer 3 
control_unit_logger - INFO - INCRUCTIONS - Executing PUSH VALUE #0
control_unit_logger - INFO - STACK MEMORY - [0, 0]
control_unit_logger - INFO - CONTROL UNIT - Count of instructions 34 | Command pointer 4 
control_unit_logger - INFO - ALU - Executing COMPARE == 0 and 0 | ALU result=1 | zero=False | result=False
control_unit_logger - INFO - INCRUCTIONS - Executing JEQ ADR 9
control_unit_logger - INFO - STACK MEMORY - [0, 0]
control_unit_logger - INFO - CONTROL UNIT - Count of instructions 35 | Command pointer 8 
control_unit_logger - INFO - INCRUCTIONS - Executing HLT
control_unit_logger - INFO - STACK MEMORY - [0, 0]
control_unit_logger - INFO - CONTROL UNIT - Count of instructions 36 | Command pointer 9 
control_unit_logger - INFO - INSTRUCTION MEMORY - [['JMP', 2, 0], ['JMP', 3, 0], ['READ', 0, 0], ['PUSH', 0, 0], ['JEQ', 9, 0], ['POP', 0, 0], ['PRINT', 0, 0], ['JMP', 3, 0], ['HLT', 0, 0], ['JMP', 2, 0], ['JMP', 3, 0], ['READ', 0, 0], ['PUSH', 0, 0], ['JEQ', 9, 0], ['POP', 0, 0], ['PRINT', 0, 0], ['JMP', 3, 0], ['HLT', 0, 0], ['INIT', 0, 0], ['INIT', 1, 0], ['INIT', 2, 1000], ['JMP', 2, 0], ['PUSH', 0, 1], ['PUSH', 1, 1], ['JMP', 3, 0], ['INCR', 0, 0], ['PUSH', 2, 1], ['JEQ', 9, 0], ['POP', 0, 0], ['MOD', 3, 0], ['PUSH', 0, 0], ['JEQ', 41, 0], ['POP', 0, 0], ['POP', 0, 0], ['MOD', 5, 0], ['PUSH', 0, 0], ['JEQ', 41, 0], ['POP', 0, 0], ['POP', 0, 0], ['JMP', 3, 0], ['POP', 0, 0], ['POP', 0, 0], ['LOAD', 1, 0], ['PUSH', 1, 1], ['ADD', 0, 0], ['LOAD', 0, 0], ['POP', 0, 0], ['POP', 0, 0], ['PUSH', 0, 1], ['PUSH', 1, 1], ['JMP', 3, 0], ['POP', 0, 0], ['POP', 0, 0], ['HLT', 0, 0]]
control_unit_logger - INFO - CONTROL UNIT - Count of instructions 0 | Command pointer 0 
control_unit_logger - INFO - INCRUCTIONS - Executing JMP ADR 2
control_unit_logger - INFO - STACK MEMORY - []
control_unit_logger - INFO - CONTROL UNIT - Count of instructions 1 | Command pointer 1 
control_unit_logger - INFO - INCRUCTIONS - Executing JMP ADR 3
control_unit_logger - INFO - STACK MEMORY - []
control_unit_logger - INFO - CONTROL UNIT - Count of instructions 2 | Command pointer 2 
control_unit_logger - INFO - INCRUCTIONS - Executing READ VALUE 91
control_unit_logger - INFO - STACK MEMORY - [91]
control_unit_logger - INFO - CONTROL UNIT - Count of instructions 3 | Command pointer 3 
control_unit_logger - INFO - INCRUCTIONS - Executing PUSH VALUE #0
control_unit_logger - INFO - STACK MEMORY - [91, 0]
control_unit_logger - INFO - CONTROL UNIT - Count of instructions 4 | Command pointer 4 
control_unit_logger - INFO - ALU - Executing COMPARE == 91 and 0 | ALU result=0 | zero=False | result=False
control_unit_logger - INFO - INCRUCTIONS - Executing JEQ ADR 9
control_unit_logger - INFO - STACK MEMORY - [91, 0]
control_unit_logger - INFO - CONTROL UNIT - Count of instructions 5 | Command pointer 5 
control_unit_logger - INFO - INCRUCTIONS - Executing POP
control_unit_logger - INFO - STACK MEMORY - [91]
control_unit_logger - INFO - CONTROL UNIT - Count of instructions 6 | Command pointer 6 
control_unit_logger - INFO - INCRUCTIONS - Executing PRINT VALUE [
control_unit_logger - INFO - STACK MEMORY - []
control_unit_logger - INFO - CONTROL UNIT - Count of instructions 7 | Command pointer 7 
control_unit_logger - INFO - INCRUCTIONS - Executing JMP ADR 3
control_unit_logger - INFO - STACK MEMORY - []
control_unit_logger - INFO - CONTROL UNIT - Count of instructions 8 | Command pointer 2 
control_unit_logger - INFO - INCRUCTIONS - Executing READ VALUE 93
control_unit_logger - INFO - STACK MEMORY - [93]
control_unit_logger - INFO - CONTROL UNIT - Count of instructions 9 | Command pointer 3 
control_unit_logger - INFO - INCRUCTIONS - Executing PUSH VALUE #0
control_unit_logger - INFO - STACK MEMORY - [93, 0]
control_unit_logger - INFO - CONTROL UNIT - Count of instructions 10 | Command pointer 4 
control_unit_logger - INFO - ALU - Executing COMPARE == 93 and 0 | ALU result=0 | zero=False | result=False
control_unit_logger - INFO - INCRUCTIONS - Executing JEQ ADR 9
control_unit_logger - INFO - STACK MEMORY - [93, 0]
control_unit_logger - INFO - CONTROL UNIT - Count of instructions 11 | Command pointer 5 
control_unit_logger - INFO - INCRUCTIONS - Executing POP
control_unit_logger - INFO - STACK MEMORY - [93]
control_unit_logger - INFO - CONTROL UNIT - Count of instructions 12 | Command pointer 6 
control_unit_logger - INFO - INCRUCTIONS - Executing PRINT VALUE ]
control_unit_logger - INFO - STACK MEMORY - []
control_unit_logger - INFO - CONTROL UNIT - Count of instructions 13 | Command pointer 7 
control_unit_logger - INFO - INCRUCTIONS - Executing JMP ADR 3
control_unit_logger - INFO - STACK MEMORY - []
control_unit_logger - INFO - CONTROL UNIT - Count of instructions 14 | Command pointer 2 
control_unit_logger - INFO - INCRUCTIONS - Executing READ VALUE 0
control_unit_logger - INFO - STACK MEMORY - [0]
control_unit_logger - INFO - CONTROL UNIT - Count of instructions 15 | Command pointer 3 
control_unit_logger - INFO - INCRUCTIONS - Executing PUSH VALUE #0
control_unit_logger - INFO - STACK MEMORY - [0, 0]
control_unit_logger - INFO - CONTROL UNIT - Count of instructions 16 | Command pointer 4 
control_unit_logger - INFO - ALU - Executing COMPARE == 0 and 0 | ALU result=1 | zero=False | result=False
control_unit_logger - INFO - INCRUCTIONS - Executing JEQ ADR 9
control_unit_logger - INFO - STACK MEMORY - [0, 0]
control_unit_logger - INFO - CONTROL UNIT - Count of instructions 17 | Command pointer 8 
control_unit_logger - INFO - INCRUCTIONS - Executing HLT
control_unit_logger - INFO - STACK MEMORY - [0, 0]
control_unit_logger - INFO - CONTROL UNIT - Count of instructions 18 | Command pointer 9 
control_unit_logger - INFO - INSTRUCTION MEMORY - [['JMP', 2, 0], ['JMP', 3, 0], ['READ', 0, 0], ['PUSH', 0, 0], ['JEQ', 9, 0], ['POP', 0, 0], ['PRINT', 0, 0], ['JMP', 3, 0], ['HLT', 0, 0], ['JMP', 2, 0], ['JMP', 3, 0], ['READ', 0, 0], ['PUSH', 0, 0], ['JEQ', 9, 0], ['POP', 0, 0], ['PRINT', 0, 0], ['JMP', 3, 0], ['HLT', 0, 0], ['INIT', 0, 0], ['INIT', 1, 0], ['INIT', 2, 1000], ['JMP', 2, 0], ['PUSH', 0, 1], ['PUSH', 1, 1], ['JMP', 3, 0], ['INCR', 0, 0], ['PUSH', 2, 1], ['JEQ', 9, 0], ['POP', 0, 0], ['MOD', 3, 0], ['PUSH', 0, 0], ['JEQ', 41, 0], ['POP', 0, 0], ['POP', 0, 0], ['MOD', 5, 0], ['PUSH', 0, 0], ['JEQ', 41, 0], ['POP', 0, 0], ['POP', 0, 0], ['JMP', 3, 0], ['POP', 0, 0], ['POP', 0, 0], ['LOAD', 1, 0], ['PUSH', 1, 1], ['ADD', 0, 0], ['LOAD', 0, 0], ['POP', 0, 0], ['POP', 0, 0], ['PUSH', 0, 1], ['PUSH', 1, 1], ['JMP', 3, 0], ['POP', 0, 0], ['POP', 0, 0], ['HLT', 0, 0], ['INIT', 0, 0], ['INIT', 1, 0], ['INIT', 2, 0], ['INIT', 3, 12], ['INIT', 4, 72], ['INIT', 5, 101], ['INIT', 6, 108], ['INIT', 7, 108], ['INIT', 8, 111], ['INIT', 9, 32], ['INIT', 10, 119], ['INIT', 11, 111], ['INIT', 12, 114], ['INIT', 13, 108], ['INIT', 14, 100], ['INIT', 15, 33], ['JMP', 2, 0], ['ADR', 3, 0], ['LOAD', 0, 0], ['JMP', 3, 0], ['PUSH', 0, 1], ['INCR', 0, 0], ['PADR', 0, 0], ['PRINT', 0, 0], ['PUSH', 1, 1], ['INCR', 0, 0], ['PUSH', 3, 1], ['JNE', 41, 0], ['JEQ', 9, 0], ['POP', 0, 0], ['LOAD', 1, 0], ['LOAD', 0, 0], ['JMP', 3, 0], ['HLT', 0, 0]]
control_unit_logger - INFO - CONTROL UNIT - Count of instructions 0 | Command pointer 0 
control_unit_logger - INFO - INCRUCTIONS - Executing JMP ADR 2
control_unit_logger - INFO - STACK MEMORY - []
control_unit_logger - INFO - CONTROL UNIT - Count of instructions 1 | Command pointer 1 
control_unit_logger - INFO - INCRUCTIONS - Executing JMP ADR 3
control_unit_logger - INFO - STACK MEMORY - []
control_unit_logger - INFO - CONTROL UNIT - Count of instructions 2 | Command pointer 2 
control_unit_logger - INFO - INCRUCTIONS - Executing READ VALUE 91
control_unit_logger - INFO - STACK MEMORY - [91]
control_unit_logger - INFO - CONTROL UNIT - Count of instructions 3 | Command pointer 3 
control_unit_logger - INFO - INCRUCTIONS - Executing PUSH VALUE #0
control_unit_logger - INFO - STACK MEMORY - [91, 0]
control_unit_logger - INFO - CONTROL UNIT - Count of instructions 4 | Command pointer 4 
control_unit_logger - INFO - ALU - Executing COMPARE == 91 and 0 | ALU result=0 | zero=False | result=False
control_unit_logger - INFO - INCRUCTIONS - Executing JEQ ADR 9
control_unit_logger - INFO - STACK MEMORY - [91, 0]
control_unit_logger - INFO - CONTROL UNIT - Count of instructions 5 | Command pointer 5 
control_unit_logger - INFO - INCRUCTIONS - Executing POP
control_unit_logger - INFO - STACK MEMORY - [91]
control_unit_logger - INFO - CONTROL UNIT - Count of instructions 6 | Command pointer 6 
control_unit_logger - INFO - INCRUCTIONS - Executing PRINT VALUE [
control_unit_logger - INFO - STACK MEMORY - []
control_unit_logger - INFO - CONTROL UNIT - Count of instructions 7 | Command pointer 7 
control_unit_logger - INFO - INCRUCTIONS - Executing JMP ADR 3
control_unit_logger - INFO - STACK MEMORY - []
control_unit_logger - INFO - CONTROL UNIT - Count of instructions 8 | Command pointer 2 
control_unit_logger - INFO - INCRUCTIONS - Executing READ VALUE 93
control_unit_logger - INFO - STACK MEMORY - [93]
control_unit_logger - INFO - CONTROL UNIT - Count of instructions 9 | Command pointer 3 
control_unit_logger - INFO - INCRUCTIONS - Executing PUSH VALUE #0
control_unit_logger - INFO - STACK MEMORY - [93, 0]
control_unit_logger - INFO - CONTROL UNIT - Count of instructions 10 | Command pointer 4 
control_unit_logger - INFO - ALU - Executing COMPARE == 93 and 0 | ALU result=0 | zero=False | result=False
control_unit_logger - INFO - INCRUCTIONS - Executing JEQ ADR 9
control_unit_logger - INFO - STACK MEMORY - [93, 0]
control_unit_logger - INFO - CONTROL UNIT - Count of instructions 11 | Command pointer 5 
control_unit_logger - INFO - INCRUCTIONS - Executing POP
control_unit_logger - INFO - STACK MEMORY - [93]
control_unit_logger - INFO - CONTROL UNIT - Count of instructions 12 | Command pointer 6 
control_unit_logger - INFO - INCRUCTIONS - Executing PRINT VALUE ]
control_unit_logger - INFO - STACK MEMORY - []
control_unit_logger - INFO - CONTROL UNIT - Count of instructions 13 | Command pointer 7 
control_unit_logger - INFO - INCRUCTIONS - Executing JMP ADR 3
control_unit_logger - INFO - STACK MEMORY - []
control_unit_logger - INFO - CONTROL UNIT - Count of instructions 14 | Command pointer 2 
control_unit_logger - INFO - INCRUCTIONS - Executing READ VALUE 0
control_unit_logger - INFO - STACK MEMORY - [0]
control_unit_logger - INFO - CONTROL UNIT - Count of instructions 15 | Command pointer 3 
control_unit_logger - INFO - INCRUCTIONS - Executing PUSH VALUE #0
control_unit_logger - INFO - STACK MEMORY - [0, 0]
control_unit_logger - INFO - CONTROL UNIT - Count of instructions 16 | Command pointer 4 
control_unit_logger - INFO - ALU - Executing COMPARE == 0 and 0 | ALU result=1 | zero=False | result=False
control_unit_logger - INFO - INCRUCTIONS - Executing JEQ ADR 9
control_unit_logger - INFO - STACK MEMORY - [0, 0]
control_unit_logger - INFO - CONTROL UNIT - Count of instructions 17 | Command pointer 8 
control_unit_logger - INFO - INCRUCTIONS - Executing HLT
control_unit_logger - INFO - STACK MEMORY - [0, 0]
control_unit_logger - INFO - CONTROL UNIT - Count of instructions 18 | Command pointer 9 
