control_unit_logger - INFO - INSTRUCTION MEMORY - [['JMP', 2, 0], ['JMP', 3, 0], ['READ', 0, 0], ['PUSH', 0, 0], ['JEQ', 9, 0], ['POP', 0, 0], ['PRINT', 0, 0], ['JMP', 3, 0], ['HLT', 0, 0], ['INIT', 0, 0], ['INIT', 1, 0], ['INIT', 2, 0], ['INIT', 3, 18], ['INIT', 4, 87], ['INIT', 5, 104], ['INIT', 6, 97], ['INIT', 7, 116], ['INIT', 8, 32], ['INIT', 9, 105], ['INIT', 10, 115], ['INIT', 11, 32], ['INIT', 12, 121], ['INIT', 13, 111], ['INIT', 14, 117], ['INIT', 15, 114], ['INIT', 16, 32], ['INIT', 17, 110], ['INIT', 18, 97], ['INIT', 19, 109], ['INIT', 20, 101], ['INIT', 21, 63], ['INIT', 22, 6], ['INIT', 23, 72], ['INIT', 24, 101], ['INIT', 25, 108], ['INIT', 26, 108], ['INIT', 27, 111], ['INIT', 28, 44], ['INIT', 29, 0], ['JMP', 2, 0], ['ADR', 3, 0], ['LOAD', 0, 0], ['JMP', 3, 0], ['PUSH', 0, 1], ['INCR', 0, 0], ['PADR', 0, 0], ['PRINT', 0, 0], ['PUSH', 1, 1], ['INCR', 0, 0], ['PUSH', 3, 1], ['JNE', 53, 0], ['JEQ', 57, 0], ['POP', 0, 0], ['LOAD', 1, 0], ['LOAD', 0, 0], ['JMP', 3, 0], ['POP', 0, 0], ['POP', 0, 0], ['POP', 0, 0], ['PUSH', 10, 0], ['PRINT', 0, 0], ['ADR', 29, 0], ['LOAD', 0, 0], ['JMP', 65, 0], ['PUSH', 0, 1], ['INCR', 0, 0], ['READ', 0, 0], ['PUSH', 0, 0], ['JEQ', 78, 0], ['JNE', 71, 0], ['POP', 0, 0], ['LADR', 0, 0], ['LOAD', 0, 0], ['PUSH', 29, 1], ['INCR', 0, 0], ['LOAD', 29, 0], ['JMP', 65, 0], ['POP', 0, 0], ['POP', 0, 0], ['POP', 0, 0], ['PUSH', 0, 0], ['LOAD', 1, 0], ['ADR', 22, 0], ['LOAD', 0, 0], ['JMP', 86, 0], ['PUSH', 0, 1], ['INCR', 0, 0], ['PADR', 0, 0], ['PRINT', 0, 0], ['PUSH', 1, 1], ['INCR', 0, 0], ['PUSH', 22, 1], ['JNE', 95, 0], ['JEQ', 99, 0], ['POP', 0, 0], ['LOAD', 1, 0], ['LOAD', 0, 0], ['JMP', 86, 0], ['POP', 0, 0], ['POP', 0, 0], ['POP', 0, 0], ['PUSH', 32, 0], ['PRINT', 0, 0], ['PUSH', 0, 0], ['LOAD', 1, 0], ['ADR', 29, 0], ['LOAD', 0, 0], ['JMP', 109, 0], ['PUSH', 0, 1], ['INCR', 0, 0], ['PADR', 0, 0], ['PRINT', 0, 0], ['PUSH', 1, 1], ['INCR', 0, 0], ['PUSH', 29, 1], ['JNE', 118, 0], ['JEQ', 9, 0], ['POP', 0, 0], ['LOAD', 1, 0], ['LOAD', 0, 0], ['JMP', 109, 0], ['PUSH', 33, 0], ['PRINT', 0, 0], ['HLT', 0, 0], ['INIT', 0, 0], ['INIT', 1, 0], ['INIT', 2, 1000], ['JMP', 2, 0], ['PUSH', 0, 1], ['PUSH', 1, 1], ['JMP', 3, 0], ['INCR', 0, 0], ['PUSH', 2, 1], ['JEQ', 9, 0], ['POP', 0, 0], ['MOD', 3, 0], ['PUSH', 0, 0], ['JEQ', 53, 0], ['POP', 0, 0], ['POP', 0, 0], ['MOD', 5, 0], ['PUSH', 0, 0], ['JEQ', 53, 0], ['POP', 0, 0], ['POP', 0, 0], ['JMP', 3, 0], ['POP', 0, 0], ['POP', 0, 0], ['LOAD', 1, 0], ['PUSH', 1, 1], ['ADD', 0, 0], ['LOAD', 0, 0], ['POP', 0, 0], ['POP', 0, 0], ['PUSH', 0, 1], ['PUSH', 1, 1], ['JMP', 3, 0], ['POP', 0, 0], ['POP', 0, 0], ['HLT', 0, 0]]
control_unit_logger - INFO - CONTROL UNIT - Count of instructions 0 | Command pointer 0 
control_unit_logger - INFO - INCRUCTIONS - Executing JMP ADR 2
control_unit_logger - INFO - STACK MEMORY - []
control_unit_logger - INFO - CONTROL UNIT - Count of instructions 1 | Command pointer 1 
control_unit_logger - INFO - INCRUCTIONS - Executing JMP ADR 3
control_unit_logger - INFO - STACK MEMORY - []
control_unit_logger - INFO - CONTROL UNIT - Count of instructions 2 | Command pointer 2 
control_unit_logger - INFO - INCRUCTIONS - Executing READ VALUE 91
control_unit_logger - INFO - STACK MEMORY - [91]
control_unit_logger - INFO - CONTROL UNIT - Count of instructions 3 | Command pointer 3 
control_unit_logger - INFO - INCRUCTIONS - Executing PUSH VALUE #0
control_unit_logger - INFO - STACK MEMORY - [91, 0]
control_unit_logger - INFO - CONTROL UNIT - Count of instructions 4 | Command pointer 4 
control_unit_logger - INFO - ALU - Executing COMPARE == 91 and 0 | ALU result=0 | zero=False | result=False
control_unit_logger - INFO - INCRUCTIONS - Executing JEQ ADR 9
control_unit_logger - INFO - STACK MEMORY - [91, 0]
control_unit_logger - INFO - CONTROL UNIT - Count of instructions 5 | Command pointer 5 
control_unit_logger - INFO - INCRUCTIONS - Executing POP
control_unit_logger - INFO - STACK MEMORY - [91]
control_unit_logger - INFO - CONTROL UNIT - Count of instructions 6 | Command pointer 6 
control_unit_logger - INFO - INCRUCTIONS - Executing PRINT VALUE [
control_unit_logger - INFO - STACK MEMORY - []
control_unit_logger - INFO - CONTROL UNIT - Count of instructions 7 | Command pointer 7 
control_unit_logger - INFO - INCRUCTIONS - Executing JMP ADR 3
control_unit_logger - INFO - STACK MEMORY - []
control_unit_logger - INFO - CONTROL UNIT - Count of instructions 8 | Command pointer 2 
control_unit_logger - INFO - INCRUCTIONS - Executing READ VALUE 93
control_unit_logger - INFO - STACK MEMORY - [93]
control_unit_logger - INFO - CONTROL UNIT - Count of instructions 9 | Command pointer 3 
control_unit_logger - INFO - INCRUCTIONS - Executing PUSH VALUE #0
control_unit_logger - INFO - STACK MEMORY - [93, 0]
control_unit_logger - INFO - CONTROL UNIT - Count of instructions 10 | Command pointer 4 
control_unit_logger - INFO - ALU - Executing COMPARE == 93 and 0 | ALU result=0 | zero=False | result=False
control_unit_logger - INFO - INCRUCTIONS - Executing JEQ ADR 9
control_unit_logger - INFO - STACK MEMORY - [93, 0]
control_unit_logger - INFO - CONTROL UNIT - Count of instructions 11 | Command pointer 5 
control_unit_logger - INFO - INCRUCTIONS - Executing POP
control_unit_logger - INFO - STACK MEMORY - [93]
control_unit_logger - INFO - CONTROL UNIT - Count of instructions 12 | Command pointer 6 
control_unit_logger - INFO - INCRUCTIONS - Executing PRINT VALUE ]
control_unit_logger - INFO - STACK MEMORY - []
control_unit_logger - INFO - CONTROL UNIT - Count of instructions 13 | Command pointer 7 
control_unit_logger - INFO - INCRUCTIONS - Executing JMP ADR 3
control_unit_logger - INFO - STACK MEMORY - []
control_unit_logger - INFO - CONTROL UNIT - Count of instructions 14 | Command pointer 2 
control_unit_logger - INFO - INCRUCTIONS - Executing READ VALUE 0
control_unit_logger - INFO - STACK MEMORY - [0]
control_unit_logger - INFO - CONTROL UNIT - Count of instructions 15 | Command pointer 3 
control_unit_logger - INFO - INCRUCTIONS - Executing PUSH VALUE #0
control_unit_logger - INFO - STACK MEMORY - [0, 0]
control_unit_logger - INFO - CONTROL UNIT - Count of instructions 16 | Command pointer 4 
control_unit_logger - INFO - ALU - Executing COMPARE == 0 and 0 | ALU result=1 | zero=False | result=False
control_unit_logger - INFO - INCRUCTIONS - Executing JEQ ADR 9
control_unit_logger - INFO - STACK MEMORY - [0, 0]
control_unit_logger - INFO - CONTROL UNIT - Count of instructions 17 | Command pointer 8 
control_unit_logger - INFO - INCRUCTIONS - Executing HLT
control_unit_logger - INFO - STACK MEMORY - [0, 0]
control_unit_logger - INFO - CONTROL UNIT - Count of instructions 18 | Command pointer 9 
control_unit_logger - INFO - INSTRUCTION MEMORY - [['JMP', 2, 0], ['JMP', 3, 0], ['READ', 0, 0], ['PUSH', 0, 0], ['JEQ', 9, 0], ['POP', 0, 0], ['PRINT', 0, 0], ['JMP', 3, 0], ['HLT', 0, 0], ['INIT', 0, 0], ['INIT', 1, 0], ['INIT', 2, 0], ['INIT', 3, 18], ['INIT', 4, 87], ['INIT', 5, 104], ['INIT', 6, 97], ['INIT', 7, 116], ['INIT', 8, 32], ['INIT', 9, 105], ['INIT', 10, 115], ['INIT', 11, 32], ['INIT', 12, 121], ['INIT', 13, 111], ['INIT', 14, 117], ['INIT', 15, 114], ['INIT', 16, 32], ['INIT', 17, 110], ['INIT', 18, 97], ['INIT', 19, 109], ['INIT', 20, 101], ['INIT', 21, 63], ['INIT', 22, 6], ['INIT', 23, 72], ['INIT', 24, 101], ['INIT', 25, 108], ['INIT', 26, 108], ['INIT', 27, 111], ['INIT', 28, 44], ['INIT', 29, 0], ['JMP', 2, 0], ['ADR', 3, 0], ['LOAD', 0, 0], ['JMP', 3, 0], ['PUSH', 0, 1], ['INCR', 0, 0], ['PADR', 0, 0], ['PRINT', 0, 0], ['PUSH', 1, 1], ['INCR', 0, 0], ['PUSH', 3, 1], ['JNE', 53, 0], ['JEQ', 57, 0], ['POP', 0, 0], ['LOAD', 1, 0], ['LOAD', 0, 0], ['JMP', 3, 0], ['POP', 0, 0], ['POP', 0, 0], ['POP', 0, 0], ['PUSH', 10, 0], ['PRINT', 0, 0], ['ADR', 29, 0], ['LOAD', 0, 0], ['JMP', 65, 0], ['PUSH', 0, 1], ['INCR', 0, 0], ['READ', 0, 0], ['PUSH', 0, 0], ['JEQ', 78, 0], ['JNE', 71, 0], ['POP', 0, 0], ['LADR', 0, 0], ['LOAD', 0, 0], ['PUSH', 29, 1], ['INCR', 0, 0], ['LOAD', 29, 0], ['JMP', 65, 0], ['POP', 0, 0], ['POP', 0, 0], ['POP', 0, 0], ['PUSH', 0, 0], ['LOAD', 1, 0], ['ADR', 22, 0], ['LOAD', 0, 0], ['JMP', 86, 0], ['PUSH', 0, 1], ['INCR', 0, 0], ['PADR', 0, 0], ['PRINT', 0, 0], ['PUSH', 1, 1], ['INCR', 0, 0], ['PUSH', 22, 1], ['JNE', 95, 0], ['JEQ', 99, 0], ['POP', 0, 0], ['LOAD', 1, 0], ['LOAD', 0, 0], ['JMP', 86, 0], ['POP', 0, 0], ['POP', 0, 0], ['POP', 0, 0], ['PUSH', 32, 0], ['PRINT', 0, 0], ['PUSH', 0, 0], ['LOAD', 1, 0], ['ADR', 29, 0], ['LOAD', 0, 0], ['JMP', 109, 0], ['PUSH', 0, 1], ['INCR', 0, 0], ['PADR', 0, 0], ['PRINT', 0, 0], ['PUSH', 1, 1], ['INCR', 0, 0], ['PUSH', 29, 1], ['JNE', 118, 0], ['JEQ', 9, 0], ['POP', 0, 0], ['LOAD', 1, 0], ['LOAD', 0, 0], ['JMP', 109, 0], ['PUSH', 33, 0], ['PRINT', 0, 0], ['HLT', 0, 0], ['INIT', 0, 0], ['INIT', 1, 0], ['INIT', 2, 1000], ['JMP', 2, 0], ['PUSH', 0, 1], ['PUSH', 1, 1], ['JMP', 3, 0], ['INCR', 0, 0], ['PUSH', 2, 1], ['JEQ', 9, 0], ['POP', 0, 0], ['MOD', 3, 0], ['PUSH', 0, 0], ['JEQ', 53, 0], ['POP', 0, 0], ['POP', 0, 0], ['MOD', 5, 0], ['PUSH', 0, 0], ['JEQ', 53, 0], ['POP', 0, 0], ['POP', 0, 0], ['JMP', 3, 0], ['POP', 0, 0], ['POP', 0, 0], ['LOAD', 1, 0], ['PUSH', 1, 1], ['ADD', 0, 0], ['LOAD', 0, 0], ['POP', 0, 0], ['POP', 0, 0], ['PUSH', 0, 1], ['PUSH', 1, 1], ['JMP', 3, 0], ['POP', 0, 0], ['POP', 0, 0], ['HLT', 0, 0], ['INIT', 0, 0], ['INIT', 1, 0], ['INIT', 2, 0], ['INIT', 3, 12], ['INIT', 4, 72], ['INIT', 5, 101], ['INIT', 6, 108], ['INIT', 7, 108], ['INIT', 8, 111], ['INIT', 9, 32], ['INIT', 10, 119], ['INIT', 11, 111], ['INIT', 12, 114], ['INIT', 13, 108], ['INIT', 14, 100], ['INIT', 15, 33], ['JMP', 2, 0], ['ADR', 3, 0], ['LOAD', 0, 0], ['JMP', 3, 0], ['PUSH', 0, 1], ['INCR', 0, 0], ['PADR', 0, 0], ['PRINT', 0, 0], ['PUSH', 1, 1], ['INCR', 0, 0], ['PUSH', 3, 1], ['JNE', 53, 0], ['JEQ', 9, 0], ['POP', 0, 0], ['LOAD', 1, 0], ['LOAD', 0, 0], ['JMP', 3, 0], ['HLT', 0, 0]]
control_unit_logger - INFO - CONTROL UNIT - Count of instructions 0 | Command pointer 0 
control_unit_logger - INFO - INCRUCTIONS - Executing JMP ADR 2
control_unit_logger - INFO - STACK MEMORY - []
control_unit_logger - INFO - CONTROL UNIT - Count of instructions 1 | Command pointer 1 
control_unit_logger - INFO - INCRUCTIONS - Executing JMP ADR 3
control_unit_logger - INFO - STACK MEMORY - []
control_unit_logger - INFO - CONTROL UNIT - Count of instructions 2 | Command pointer 2 
control_unit_logger - INFO - INCRUCTIONS - Executing READ VALUE 72
control_unit_logger - INFO - STACK MEMORY - [72]
control_unit_logger - INFO - CONTROL UNIT - Count of instructions 3 | Command pointer 3 
control_unit_logger - INFO - INCRUCTIONS - Executing PUSH VALUE #0
control_unit_logger - INFO - STACK MEMORY - [72, 0]
control_unit_logger - INFO - CONTROL UNIT - Count of instructions 4 | Command pointer 4 
control_unit_logger - INFO - ALU - Executing COMPARE == 72 and 0 | ALU result=0 | zero=False | result=False
control_unit_logger - INFO - INCRUCTIONS - Executing JEQ ADR 9
control_unit_logger - INFO - STACK MEMORY - [72, 0]
control_unit_logger - INFO - CONTROL UNIT - Count of instructions 5 | Command pointer 5 
control_unit_logger - INFO - INCRUCTIONS - Executing POP
control_unit_logger - INFO - STACK MEMORY - [72]
control_unit_logger - INFO - CONTROL UNIT - Count of instructions 6 | Command pointer 6 
control_unit_logger - INFO - INCRUCTIONS - Executing PRINT VALUE H
control_unit_logger - INFO - STACK MEMORY - []
control_unit_logger - INFO - CONTROL UNIT - Count of instructions 7 | Command pointer 7 
control_unit_logger - INFO - INCRUCTIONS - Executing JMP ADR 3
control_unit_logger - INFO - STACK MEMORY - []
control_unit_logger - INFO - CONTROL UNIT - Count of instructions 8 | Command pointer 2 
control_unit_logger - INFO - INCRUCTIONS - Executing READ VALUE 101
control_unit_logger - INFO - STACK MEMORY - [101]
control_unit_logger - INFO - CONTROL UNIT - Count of instructions 9 | Command pointer 3 
control_unit_logger - INFO - INCRUCTIONS - Executing PUSH VALUE #0
control_unit_logger - INFO - STACK MEMORY - [101, 0]
control_unit_logger - INFO - CONTROL UNIT - Count of instructions 10 | Command pointer 4 
control_unit_logger - INFO - ALU - Executing COMPARE == 101 and 0 | ALU result=0 | zero=False | result=False
control_unit_logger - INFO - INCRUCTIONS - Executing JEQ ADR 9
control_unit_logger - INFO - STACK MEMORY - [101, 0]
control_unit_logger - INFO - CONTROL UNIT - Count of instructions 11 | Command pointer 5 
control_unit_logger - INFO - INCRUCTIONS - Executing POP
control_unit_logger - INFO - STACK MEMORY - [101]
control_unit_logger - INFO - CONTROL UNIT - Count of instructions 12 | Command pointer 6 
control_unit_logger - INFO - INCRUCTIONS - Executing PRINT VALUE e
control_unit_logger - INFO - STACK MEMORY - []
control_unit_logger - INFO - CONTROL UNIT - Count of instructions 13 | Command pointer 7 
control_unit_logger - INFO - INCRUCTIONS - Executing JMP ADR 3
control_unit_logger - INFO - STACK MEMORY - []
control_unit_logger - INFO - CONTROL UNIT - Count of instructions 14 | Command pointer 2 
control_unit_logger - INFO - INCRUCTIONS - Executing READ VALUE 108
control_unit_logger - INFO - STACK MEMORY - [108]
control_unit_logger - INFO - CONTROL UNIT - Count of instructions 15 | Command pointer 3 
control_unit_logger - INFO - INCRUCTIONS - Executing PUSH VALUE #0
control_unit_logger - INFO - STACK MEMORY - [108, 0]
control_unit_logger - INFO - CONTROL UNIT - Count of instructions 16 | Command pointer 4 
control_unit_logger - INFO - ALU - Executing COMPARE == 108 and 0 | ALU result=0 | zero=False | result=False
control_unit_logger - INFO - INCRUCTIONS - Executing JEQ ADR 9
control_unit_logger - INFO - STACK MEMORY - [108, 0]
control_unit_logger - INFO - CONTROL UNIT - Count of instructions 17 | Command pointer 5 
control_unit_logger - INFO - INCRUCTIONS - Executing POP
control_unit_logger - INFO - STACK MEMORY - [108]
control_unit_logger - INFO - CONTROL UNIT - Count of instructions 18 | Command pointer 6 
control_unit_logger - INFO - INCRUCTIONS - Executing PRINT VALUE l
control_unit_logger - INFO - STACK MEMORY - []
control_unit_logger - INFO - CONTROL UNIT - Count of instructions 19 | Command pointer 7 
control_unit_logger - INFO - INCRUCTIONS - Executing JMP ADR 3
control_unit_logger - INFO - STACK MEMORY - []
control_unit_logger - INFO - CONTROL UNIT - Count of instructions 20 | Command pointer 2 
control_unit_logger - INFO - INCRUCTIONS - Executing READ VALUE 108
control_unit_logger - INFO - STACK MEMORY - [108]
control_unit_logger - INFO - CONTROL UNIT - Count of instructions 21 | Command pointer 3 
control_unit_logger - INFO - INCRUCTIONS - Executing PUSH VALUE #0
control_unit_logger - INFO - STACK MEMORY - [108, 0]
control_unit_logger - INFO - CONTROL UNIT - Count of instructions 22 | Command pointer 4 
control_unit_logger - INFO - ALU - Executing COMPARE == 108 and 0 | ALU result=0 | zero=False | result=False
control_unit_logger - INFO - INCRUCTIONS - Executing JEQ ADR 9
control_unit_logger - INFO - STACK MEMORY - [108, 0]
control_unit_logger - INFO - CONTROL UNIT - Count of instructions 23 | Command pointer 5 
control_unit_logger - INFO - INCRUCTIONS - Executing POP
control_unit_logger - INFO - STACK MEMORY - [108]
control_unit_logger - INFO - CONTROL UNIT - Count of instructions 24 | Command pointer 6 
control_unit_logger - INFO - INCRUCTIONS - Executing PRINT VALUE l
control_unit_logger - INFO - STACK MEMORY - []
control_unit_logger - INFO - CONTROL UNIT - Count of instructions 25 | Command pointer 7 
control_unit_logger - INFO - INCRUCTIONS - Executing JMP ADR 3
control_unit_logger - INFO - STACK MEMORY - []
control_unit_logger - INFO - CONTROL UNIT - Count of instructions 26 | Command pointer 2 
control_unit_logger - INFO - INCRUCTIONS - Executing READ VALUE 111
control_unit_logger - INFO - STACK MEMORY - [111]
control_unit_logger - INFO - CONTROL UNIT - Count of instructions 27 | Command pointer 3 
control_unit_logger - INFO - INCRUCTIONS - Executing PUSH VALUE #0
control_unit_logger - INFO - STACK MEMORY - [111, 0]
control_unit_logger - INFO - CONTROL UNIT - Count of instructions 28 | Command pointer 4 
control_unit_logger - INFO - ALU - Executing COMPARE == 111 and 0 | ALU result=0 | zero=False | result=False
control_unit_logger - INFO - INCRUCTIONS - Executing JEQ ADR 9
control_unit_logger - INFO - STACK MEMORY - [111, 0]
control_unit_logger - INFO - CONTROL UNIT - Count of instructions 29 | Command pointer 5 
control_unit_logger - INFO - INCRUCTIONS - Executing POP
control_unit_logger - INFO - STACK MEMORY - [111]
control_unit_logger - INFO - CONTROL UNIT - Count of instructions 30 | Command pointer 6 
control_unit_logger - INFO - INCRUCTIONS - Executing PRINT VALUE o
control_unit_logger - INFO - STACK MEMORY - []
control_unit_logger - INFO - CONTROL UNIT - Count of instructions 31 | Command pointer 7 
control_unit_logger - INFO - INCRUCTIONS - Executing JMP ADR 3
control_unit_logger - INFO - STACK MEMORY - []
control_unit_logger - INFO - CONTROL UNIT - Count of instructions 32 | Command pointer 2 
control_unit_logger - INFO - INCRUCTIONS - Executing READ VALUE 32
control_unit_logger - INFO - STACK MEMORY - [32]
control_unit_logger - INFO - CONTROL UNIT - Count of instructions 33 | Command pointer 3 
control_unit_logger - INFO - INCRUCTIONS - Executing PUSH VALUE #0
control_unit_logger - INFO - STACK MEMORY - [32, 0]
control_unit_logger - INFO - CONTROL UNIT - Count of instructions 34 | Command pointer 4 
control_unit_logger - INFO - ALU - Executing COMPARE == 32 and 0 | ALU result=0 | zero=False | result=False
control_unit_logger - INFO - INCRUCTIONS - Executing JEQ ADR 9
control_unit_logger - INFO - STACK MEMORY - [32, 0]
control_unit_logger - INFO - CONTROL UNIT - Count of instructions 35 | Command pointer 5 
control_unit_logger - INFO - INCRUCTIONS - Executing POP
control_unit_logger - INFO - STACK MEMORY - [32]
control_unit_logger - INFO - CONTROL UNIT - Count of instructions 36 | Command pointer 6 
control_unit_logger - INFO - INCRUCTIONS - Executing PRINT VALUE  
control_unit_logger - INFO - STACK MEMORY - []
control_unit_logger - INFO - CONTROL UNIT - Count of instructions 37 | Command pointer 7 
control_unit_logger - INFO - INCRUCTIONS - Executing JMP ADR 3
control_unit_logger - INFO - STACK MEMORY - []
control_unit_logger - INFO - CONTROL UNIT - Count of instructions 38 | Command pointer 2 
control_unit_logger - INFO - INCRUCTIONS - Executing READ VALUE 119
control_unit_logger - INFO - STACK MEMORY - [119]
control_unit_logger - INFO - CONTROL UNIT - Count of instructions 39 | Command pointer 3 
control_unit_logger - INFO - INCRUCTIONS - Executing PUSH VALUE #0
control_unit_logger - INFO - STACK MEMORY - [119, 0]
control_unit_logger - INFO - CONTROL UNIT - Count of instructions 40 | Command pointer 4 
control_unit_logger - INFO - ALU - Executing COMPARE == 119 and 0 | ALU result=0 | zero=False | result=False
control_unit_logger - INFO - INCRUCTIONS - Executing JEQ ADR 9
control_unit_logger - INFO - STACK MEMORY - [119, 0]
control_unit_logger - INFO - CONTROL UNIT - Count of instructions 41 | Command pointer 5 
control_unit_logger - INFO - INCRUCTIONS - Executing POP
control_unit_logger - INFO - STACK MEMORY - [119]
control_unit_logger - INFO - CONTROL UNIT - Count of instructions 42 | Command pointer 6 
control_unit_logger - INFO - INCRUCTIONS - Executing PRINT VALUE w
control_unit_logger - INFO - STACK MEMORY - []
control_unit_logger - INFO - CONTROL UNIT - Count of instructions 43 | Command pointer 7 
control_unit_logger - INFO - INCRUCTIONS - Executing JMP ADR 3
control_unit_logger - INFO - STACK MEMORY - []
control_unit_logger - INFO - CONTROL UNIT - Count of instructions 44 | Command pointer 2 
control_unit_logger - INFO - INCRUCTIONS - Executing READ VALUE 111
control_unit_logger - INFO - STACK MEMORY - [111]
control_unit_logger - INFO - CONTROL UNIT - Count of instructions 45 | Command pointer 3 
control_unit_logger - INFO - INCRUCTIONS - Executing PUSH VALUE #0
control_unit_logger - INFO - STACK MEMORY - [111, 0]
control_unit_logger - INFO - CONTROL UNIT - Count of instructions 46 | Command pointer 4 
control_unit_logger - INFO - ALU - Executing COMPARE == 111 and 0 | ALU result=0 | zero=False | result=False
control_unit_logger - INFO - INCRUCTIONS - Executing JEQ ADR 9
control_unit_logger - INFO - STACK MEMORY - [111, 0]
control_unit_logger - INFO - CONTROL UNIT - Count of instructions 47 | Command pointer 5 
control_unit_logger - INFO - INCRUCTIONS - Executing POP
control_unit_logger - INFO - STACK MEMORY - [111]
control_unit_logger - INFO - CONTROL UNIT - Count of instructions 48 | Command pointer 6 
control_unit_logger - INFO - INCRUCTIONS - Executing PRINT VALUE o
control_unit_logger - INFO - STACK MEMORY - []
control_unit_logger - INFO - CONTROL UNIT - Count of instructions 49 | Command pointer 7 
control_unit_logger - INFO - INCRUCTIONS - Executing JMP ADR 3
control_unit_logger - INFO - STACK MEMORY - []
control_unit_logger - INFO - CONTROL UNIT - Count of instructions 50 | Command pointer 2 
control_unit_logger - INFO - INCRUCTIONS - Executing READ VALUE 114
control_unit_logger - INFO - STACK MEMORY - [114]
control_unit_logger - INFO - CONTROL UNIT - Count of instructions 51 | Command pointer 3 
control_unit_logger - INFO - INCRUCTIONS - Executing PUSH VALUE #0
control_unit_logger - INFO - STACK MEMORY - [114, 0]
control_unit_logger - INFO - CONTROL UNIT - Count of instructions 52 | Command pointer 4 
control_unit_logger - INFO - ALU - Executing COMPARE == 114 and 0 | ALU result=0 | zero=False | result=False
control_unit_logger - INFO - INCRUCTIONS - Executing JEQ ADR 9
control_unit_logger - INFO - STACK MEMORY - [114, 0]
control_unit_logger - INFO - CONTROL UNIT - Count of instructions 53 | Command pointer 5 
control_unit_logger - INFO - INCRUCTIONS - Executing POP
control_unit_logger - INFO - STACK MEMORY - [114]
control_unit_logger - INFO - CONTROL UNIT - Count of instructions 54 | Command pointer 6 
control_unit_logger - INFO - INCRUCTIONS - Executing PRINT VALUE r
control_unit_logger - INFO - STACK MEMORY - []
control_unit_logger - INFO - CONTROL UNIT - Count of instructions 55 | Command pointer 7 
control_unit_logger - INFO - INCRUCTIONS - Executing JMP ADR 3
control_unit_logger - INFO - STACK MEMORY - []
control_unit_logger - INFO - CONTROL UNIT - Count of instructions 56 | Command pointer 2 
control_unit_logger - INFO - INCRUCTIONS - Executing READ VALUE 108
control_unit_logger - INFO - STACK MEMORY - [108]
control_unit_logger - INFO - CONTROL UNIT - Count of instructions 57 | Command pointer 3 
control_unit_logger - INFO - INCRUCTIONS - Executing PUSH VALUE #0
control_unit_logger - INFO - STACK MEMORY - [108, 0]
control_unit_logger - INFO - CONTROL UNIT - Count of instructions 58 | Command pointer 4 
control_unit_logger - INFO - ALU - Executing COMPARE == 108 and 0 | ALU result=0 | zero=False | result=False
control_unit_logger - INFO - INCRUCTIONS - Executing JEQ ADR 9
control_unit_logger - INFO - STACK MEMORY - [108, 0]
control_unit_logger - INFO - CONTROL UNIT - Count of instructions 59 | Command pointer 5 
control_unit_logger - INFO - INCRUCTIONS - Executing POP
control_unit_logger - INFO - STACK MEMORY - [108]
control_unit_logger - INFO - CONTROL UNIT - Count of instructions 60 | Command pointer 6 
control_unit_logger - INFO - INCRUCTIONS - Executing PRINT VALUE l
control_unit_logger - INFO - STACK MEMORY - []
control_unit_logger - INFO - CONTROL UNIT - Count of instructions 61 | Command pointer 7 
control_unit_logger - INFO - INCRUCTIONS - Executing JMP ADR 3
control_unit_logger - INFO - STACK MEMORY - []
control_unit_logger - INFO - CONTROL UNIT - Count of instructions 62 | Command pointer 2 
control_unit_logger - INFO - INCRUCTIONS - Executing READ VALUE 100
control_unit_logger - INFO - STACK MEMORY - [100]
control_unit_logger - INFO - CONTROL UNIT - Count of instructions 63 | Command pointer 3 
control_unit_logger - INFO - INCRUCTIONS - Executing PUSH VALUE #0
control_unit_logger - INFO - STACK MEMORY - [100, 0]
control_unit_logger - INFO - CONTROL UNIT - Count of instructions 64 | Command pointer 4 
control_unit_logger - INFO - ALU - Executing COMPARE == 100 and 0 | ALU result=0 | zero=False | result=False
control_unit_logger - INFO - INCRUCTIONS - Executing JEQ ADR 9
control_unit_logger - INFO - STACK MEMORY - [100, 0]
control_unit_logger - INFO - CONTROL UNIT - Count of instructions 65 | Command pointer 5 
control_unit_logger - INFO - INCRUCTIONS - Executing POP
control_unit_logger - INFO - STACK MEMORY - [100]
control_unit_logger - INFO - CONTROL UNIT - Count of instructions 66 | Command pointer 6 
control_unit_logger - INFO - INCRUCTIONS - Executing PRINT VALUE d
control_unit_logger - INFO - STACK MEMORY - []
control_unit_logger - INFO - CONTROL UNIT - Count of instructions 67 | Command pointer 7 
control_unit_logger - INFO - INCRUCTIONS - Executing JMP ADR 3
control_unit_logger - INFO - STACK MEMORY - []
control_unit_logger - INFO - CONTROL UNIT - Count of instructions 68 | Command pointer 2 
control_unit_logger - INFO - INCRUCTIONS - Executing READ VALUE 33
control_unit_logger - INFO - STACK MEMORY - [33]
control_unit_logger - INFO - CONTROL UNIT - Count of instructions 69 | Command pointer 3 
control_unit_logger - INFO - INCRUCTIONS - Executing PUSH VALUE #0
control_unit_logger - INFO - STACK MEMORY - [33, 0]
control_unit_logger - INFO - CONTROL UNIT - Count of instructions 70 | Command pointer 4 
control_unit_logger - INFO - ALU - Executing COMPARE == 33 and 0 | ALU result=0 | zero=False | result=False
control_unit_logger - INFO - INCRUCTIONS - Executing JEQ ADR 9
control_unit_logger - INFO - STACK MEMORY - [33, 0]
control_unit_logger - INFO - CONTROL UNIT - Count of instructions 71 | Command pointer 5 
control_unit_logger - INFO - INCRUCTIONS - Executing POP
control_unit_logger - INFO - STACK MEMORY - [33]
control_unit_logger - INFO - CONTROL UNIT - Count of instructions 72 | Command pointer 6 
control_unit_logger - INFO - INCRUCTIONS - Executing PRINT VALUE !
control_unit_logger - INFO - STACK MEMORY - []
control_unit_logger - INFO - CONTROL UNIT - Count of instructions 73 | Command pointer 7 
control_unit_logger - INFO - INCRUCTIONS - Executing JMP ADR 3
control_unit_logger - INFO - STACK MEMORY - []
control_unit_logger - INFO - CONTROL UNIT - Count of instructions 74 | Command pointer 2 
control_unit_logger - INFO - INCRUCTIONS - Executing READ VALUE 0
control_unit_logger - INFO - STACK MEMORY - [0]
control_unit_logger - INFO - CONTROL UNIT - Count of instructions 75 | Command pointer 3 
control_unit_logger - INFO - INCRUCTIONS - Executing PUSH VALUE #0
control_unit_logger - INFO - STACK MEMORY - [0, 0]
control_unit_logger - INFO - CONTROL UNIT - Count of instructions 76 | Command pointer 4 
control_unit_logger - INFO - ALU - Executing COMPARE == 0 and 0 | ALU result=1 | zero=False | result=False
control_unit_logger - INFO - INCRUCTIONS - Executing JEQ ADR 9
control_unit_logger - INFO - STACK MEMORY - [0, 0]
control_unit_logger - INFO - CONTROL UNIT - Count of instructions 77 | Command pointer 8 
control_unit_logger - INFO - INCRUCTIONS - Executing HLT
control_unit_logger - INFO - STACK MEMORY - [0, 0]
control_unit_logger - INFO - CONTROL UNIT - Count of instructions 78 | Command pointer 9 
