control_unit_logger - INFO - INSTRUCTION MEMORY - [['JMP', 2, 0], ['JMP', 3, 0], ['READ', 0, 0], ['PUSH', 0, 0], ['JEQ', 9, 0], ['POP', 0, 0], ['PRINT', 0, 0], ['JMP', 3, 0], ['HLT', 0, 0], ['JMP', 2, 0], ['JMP', 3, 0], ['READ', 0, 0], ['PUSH', 0, 0], ['JEQ', 9, 0], ['POP', 0, 0], ['PRINT', 0, 0], ['JMP', 3, 0], ['HLT', 0, 0]]
control_unit_logger - INFO - CONTROL UNIT - Count of instructions 0 | Command pointer 0 
control_unit_logger - INFO - INCRUCTIONS - Executing JMP ADR 2
control_unit_logger - INFO - STACK MEMORY - []
control_unit_logger - INFO - CONTROL UNIT - Count of instructions 1 | Command pointer 1 
control_unit_logger - INFO - INCRUCTIONS - Executing JMP ADR 3
control_unit_logger - INFO - STACK MEMORY - []
control_unit_logger - INFO - CONTROL UNIT - Count of instructions 2 | Command pointer 2 
control_unit_logger - INFO - INCRUCTIONS - Executing READ VALUE 82
control_unit_logger - INFO - STACK MEMORY - [82]
control_unit_logger - INFO - CONTROL UNIT - Count of instructions 3 | Command pointer 3 
control_unit_logger - INFO - INCRUCTIONS - Executing PUSH VALUE #0
control_unit_logger - INFO - STACK MEMORY - [82, 0]
control_unit_logger - INFO - CONTROL UNIT - Count of instructions 4 | Command pointer 4 
control_unit_logger - INFO - ALU - Executing COMPARE == 82 and 0 | ALU result=0 | zero=False | result=False
control_unit_logger - INFO - INCRUCTIONS - Executing JEQ ADR 9
control_unit_logger - INFO - STACK MEMORY - [82, 0]
control_unit_logger - INFO - CONTROL UNIT - Count of instructions 5 | Command pointer 5 
control_unit_logger - INFO - INCRUCTIONS - Executing POP
control_unit_logger - INFO - STACK MEMORY - [82]
control_unit_logger - INFO - CONTROL UNIT - Count of instructions 6 | Command pointer 6 
control_unit_logger - INFO - INCRUCTIONS - Executing PRINT VALUE R
control_unit_logger - INFO - STACK MEMORY - []
control_unit_logger - INFO - CONTROL UNIT - Count of instructions 7 | Command pointer 7 
control_unit_logger - INFO - INCRUCTIONS - Executing JMP ADR 3
control_unit_logger - INFO - STACK MEMORY - []
control_unit_logger - INFO - CONTROL UNIT - Count of instructions 8 | Command pointer 2 
control_unit_logger - INFO - INCRUCTIONS - Executing READ VALUE 111
control_unit_logger - INFO - STACK MEMORY - [111]
control_unit_logger - INFO - CONTROL UNIT - Count of instructions 9 | Command pointer 3 
control_unit_logger - INFO - INCRUCTIONS - Executing PUSH VALUE #0
control_unit_logger - INFO - STACK MEMORY - [111, 0]
control_unit_logger - INFO - CONTROL UNIT - Count of instructions 10 | Command pointer 4 
control_unit_logger - INFO - ALU - Executing COMPARE == 111 and 0 | ALU result=0 | zero=False | result=False
control_unit_logger - INFO - INCRUCTIONS - Executing JEQ ADR 9
control_unit_logger - INFO - STACK MEMORY - [111, 0]
control_unit_logger - INFO - CONTROL UNIT - Count of instructions 11 | Command pointer 5 
control_unit_logger - INFO - INCRUCTIONS - Executing POP
control_unit_logger - INFO - STACK MEMORY - [111]
control_unit_logger - INFO - CONTROL UNIT - Count of instructions 12 | Command pointer 6 
control_unit_logger - INFO - INCRUCTIONS - Executing PRINT VALUE o
control_unit_logger - INFO - STACK MEMORY - []
control_unit_logger - INFO - CONTROL UNIT - Count of instructions 13 | Command pointer 7 
control_unit_logger - INFO - INCRUCTIONS - Executing JMP ADR 3
control_unit_logger - INFO - STACK MEMORY - []
control_unit_logger - INFO - CONTROL UNIT - Count of instructions 14 | Command pointer 2 
control_unit_logger - INFO - INCRUCTIONS - Executing READ VALUE 109
control_unit_logger - INFO - STACK MEMORY - [109]
control_unit_logger - INFO - CONTROL UNIT - Count of instructions 15 | Command pointer 3 
control_unit_logger - INFO - INCRUCTIONS - Executing PUSH VALUE #0
control_unit_logger - INFO - STACK MEMORY - [109, 0]
control_unit_logger - INFO - CONTROL UNIT - Count of instructions 16 | Command pointer 4 
control_unit_logger - INFO - ALU - Executing COMPARE == 109 and 0 | ALU result=0 | zero=False | result=False
control_unit_logger - INFO - INCRUCTIONS - Executing JEQ ADR 9
control_unit_logger - INFO - STACK MEMORY - [109, 0]
control_unit_logger - INFO - CONTROL UNIT - Count of instructions 17 | Command pointer 5 
control_unit_logger - INFO - INCRUCTIONS - Executing POP
control_unit_logger - INFO - STACK MEMORY - [109]
control_unit_logger - INFO - CONTROL UNIT - Count of instructions 18 | Command pointer 6 
control_unit_logger - INFO - INCRUCTIONS - Executing PRINT VALUE m
control_unit_logger - INFO - STACK MEMORY - []
control_unit_logger - INFO - CONTROL UNIT - Count of instructions 19 | Command pointer 7 
control_unit_logger - INFO - INCRUCTIONS - Executing JMP ADR 3
control_unit_logger - INFO - STACK MEMORY - []
control_unit_logger - INFO - CONTROL UNIT - Count of instructions 20 | Command pointer 2 
control_unit_logger - INFO - INCRUCTIONS - Executing READ VALUE 97
control_unit_logger - INFO - STACK MEMORY - [97]
control_unit_logger - INFO - CONTROL UNIT - Count of instructions 21 | Command pointer 3 
control_unit_logger - INFO - INCRUCTIONS - Executing PUSH VALUE #0
control_unit_logger - INFO - STACK MEMORY - [97, 0]
control_unit_logger - INFO - CONTROL UNIT - Count of instructions 22 | Command pointer 4 
control_unit_logger - INFO - ALU - Executing COMPARE == 97 and 0 | ALU result=0 | zero=False | result=False
control_unit_logger - INFO - INCRUCTIONS - Executing JEQ ADR 9
control_unit_logger - INFO - STACK MEMORY - [97, 0]
control_unit_logger - INFO - CONTROL UNIT - Count of instructions 23 | Command pointer 5 
control_unit_logger - INFO - INCRUCTIONS - Executing POP
control_unit_logger - INFO - STACK MEMORY - [97]
control_unit_logger - INFO - CONTROL UNIT - Count of instructions 24 | Command pointer 6 
control_unit_logger - INFO - INCRUCTIONS - Executing PRINT VALUE a
control_unit_logger - INFO - STACK MEMORY - []
control_unit_logger - INFO - CONTROL UNIT - Count of instructions 25 | Command pointer 7 
control_unit_logger - INFO - INCRUCTIONS - Executing JMP ADR 3
control_unit_logger - INFO - STACK MEMORY - []
control_unit_logger - INFO - CONTROL UNIT - Count of instructions 26 | Command pointer 2 
control_unit_logger - INFO - INCRUCTIONS - Executing READ VALUE 110
control_unit_logger - INFO - STACK MEMORY - [110]
control_unit_logger - INFO - CONTROL UNIT - Count of instructions 27 | Command pointer 3 
control_unit_logger - INFO - INCRUCTIONS - Executing PUSH VALUE #0
control_unit_logger - INFO - STACK MEMORY - [110, 0]
control_unit_logger - INFO - CONTROL UNIT - Count of instructions 28 | Command pointer 4 
control_unit_logger - INFO - ALU - Executing COMPARE == 110 and 0 | ALU result=0 | zero=False | result=False
control_unit_logger - INFO - INCRUCTIONS - Executing JEQ ADR 9
control_unit_logger - INFO - STACK MEMORY - [110, 0]
control_unit_logger - INFO - CONTROL UNIT - Count of instructions 29 | Command pointer 5 
control_unit_logger - INFO - INCRUCTIONS - Executing POP
control_unit_logger - INFO - STACK MEMORY - [110]
control_unit_logger - INFO - CONTROL UNIT - Count of instructions 30 | Command pointer 6 
control_unit_logger - INFO - INCRUCTIONS - Executing PRINT VALUE n
control_unit_logger - INFO - STACK MEMORY - []
control_unit_logger - INFO - CONTROL UNIT - Count of instructions 31 | Command pointer 7 
control_unit_logger - INFO - INCRUCTIONS - Executing JMP ADR 3
control_unit_logger - INFO - STACK MEMORY - []
control_unit_logger - INFO - CONTROL UNIT - Count of instructions 32 | Command pointer 2 
control_unit_logger - INFO - INCRUCTIONS - Executing READ VALUE 0
control_unit_logger - INFO - STACK MEMORY - [0]
control_unit_logger - INFO - CONTROL UNIT - Count of instructions 33 | Command pointer 3 
control_unit_logger - INFO - INCRUCTIONS - Executing PUSH VALUE #0
control_unit_logger - INFO - STACK MEMORY - [0, 0]
control_unit_logger - INFO - CONTROL UNIT - Count of instructions 34 | Command pointer 4 
control_unit_logger - INFO - ALU - Executing COMPARE == 0 and 0 | ALU result=1 | zero=False | result=False
control_unit_logger - INFO - INCRUCTIONS - Executing JEQ ADR 9
control_unit_logger - INFO - STACK MEMORY - [0, 0]
control_unit_logger - INFO - CONTROL UNIT - Count of instructions 35 | Command pointer 8 
control_unit_logger - INFO - INCRUCTIONS - Executing HLT
control_unit_logger - INFO - STACK MEMORY - [0, 0]
control_unit_logger - INFO - CONTROL UNIT - Count of instructions 36 | Command pointer 9 
control_unit_logger - INFO - INSTRUCTION MEMORY - [['JMP', 2, 0], ['JMP', 3, 0], ['READ', 0, 0], ['PUSH', 0, 0], ['JEQ', 9, 0], ['POP', 0, 0], ['PRINT', 0, 0], ['JMP', 3, 0], ['HLT', 0, 0], ['JMP', 2, 0], ['JMP', 3, 0], ['READ', 0, 0], ['PUSH', 0, 0], ['JEQ', 9, 0], ['POP', 0, 0], ['PRINT', 0, 0], ['JMP', 3, 0], ['HLT', 0, 0], ['INIT', 0, 0], ['INIT', 1, 0], ['INIT', 2, 0], ['INIT', 3, 18], ['INIT', 4, 87], ['INIT', 5, 104], ['INIT', 6, 97], ['INIT', 7, 116], ['INIT', 8, 32], ['INIT', 9, 105], ['INIT', 10, 115], ['INIT', 11, 32], ['INIT', 12, 121], ['INIT', 13, 111], ['INIT', 14, 117], ['INIT', 15, 114], ['INIT', 16, 32], ['INIT', 17, 110], ['INIT', 18, 97], ['INIT', 19, 109], ['INIT', 20, 101], ['INIT', 21, 63], ['INIT', 22, 6], ['INIT', 23, 72], ['INIT', 24, 101], ['INIT', 25, 108], ['INIT', 26, 108], ['INIT', 27, 111], ['INIT', 28, 44], ['INIT', 29, 0], ['JMP', 2, 0], ['ADR', 3, 0], ['LOAD', 0, 0], ['JMP', 3, 0], ['PUSH', 0, 1], ['INCR', 0, 0], ['PADR', 0, 0], ['PRINT', 0, 0], ['PUSH', 1, 1], ['INCR', 0, 0], ['PUSH', 3, 1], ['JNE', 62, 0], ['JEQ', 66, 0], ['POP', 0, 0], ['LOAD', 1, 0], ['LOAD', 0, 0], ['JMP', 3, 0], ['POP', 0, 0], ['POP', 0, 0], ['POP', 0, 0], ['PUSH', 10, 0], ['PRINT', 0, 0], ['ADR', 29, 0], ['LOAD', 0, 0], ['JMP', 74, 0], ['PUSH', 0, 1], ['INCR', 0, 0], ['READ', 0, 0], ['PUSH', 0, 0], ['JEQ', 87, 0], ['JNE', 80, 0], ['POP', 0, 0], ['LADR', 0, 0], ['LOAD', 0, 0], ['PUSH', 29, 1], ['INCR', 0, 0], ['LOAD', 29, 0], ['JMP', 74, 0], ['POP', 0, 0], ['POP', 0, 0], ['POP', 0, 0], ['PUSH', 0, 0], ['LOAD', 1, 0], ['ADR', 22, 0], ['LOAD', 0, 0], ['JMP', 95, 0], ['PUSH', 0, 1], ['INCR', 0, 0], ['PADR', 0, 0], ['PRINT', 0, 0], ['PUSH', 1, 1], ['INCR', 0, 0], ['PUSH', 22, 1], ['JNE', 104, 0], ['JEQ', 108, 0], ['POP', 0, 0], ['LOAD', 1, 0], ['LOAD', 0, 0], ['JMP', 95, 0], ['POP', 0, 0], ['POP', 0, 0], ['POP', 0, 0], ['PUSH', 32, 0], ['PRINT', 0, 0], ['PUSH', 0, 0], ['LOAD', 1, 0], ['ADR', 29, 0], ['LOAD', 0, 0], ['JMP', 118, 0], ['PUSH', 0, 1], ['INCR', 0, 0], ['PADR', 0, 0], ['PRINT', 0, 0], ['PUSH', 1, 1], ['INCR', 0, 0], ['PUSH', 29, 1], ['JNE', 127, 0], ['JEQ', 9, 0], ['POP', 0, 0], ['LOAD', 1, 0], ['LOAD', 0, 0], ['JMP', 118, 0], ['PUSH', 33, 0], ['PRINT', 0, 0], ['HLT', 0, 0], ['INIT', 0, 0], ['INIT', 1, 0], ['INIT', 2, 0], ['INIT', 3, 18], ['INIT', 4, 87], ['INIT', 5, 104], ['INIT', 6, 97], ['INIT', 7, 116], ['INIT', 8, 32], ['INIT', 9, 105], ['INIT', 10, 115], ['INIT', 11, 32], ['INIT', 12, 121], ['INIT', 13, 111], ['INIT', 14, 117], ['INIT', 15, 114], ['INIT', 16, 32], ['INIT', 17, 110], ['INIT', 18, 97], ['INIT', 19, 109], ['INIT', 20, 101], ['INIT', 21, 63], ['INIT', 22, 6], ['INIT', 23, 72], ['INIT', 24, 101], ['INIT', 25, 108], ['INIT', 26, 108], ['INIT', 27, 111], ['INIT', 28, 44], ['INIT', 29, 0], ['JMP', 2, 0], ['ADR', 3, 0], ['LOAD', 0, 0], ['JMP', 3, 0], ['PUSH', 0, 1], ['INCR', 0, 0], ['PADR', 0, 0], ['PRINT', 0, 0], ['PUSH', 1, 1], ['INCR', 0, 0], ['PUSH', 3, 1], ['JNE', 62, 0], ['JEQ', 66, 0], ['POP', 0, 0], ['LOAD', 1, 0], ['LOAD', 0, 0], ['JMP', 3, 0], ['POP', 0, 0], ['POP', 0, 0], ['POP', 0, 0], ['PUSH', 10, 0], ['PRINT', 0, 0], ['ADR', 29, 0], ['LOAD', 0, 0], ['JMP', 74, 0], ['PUSH', 0, 1], ['INCR', 0, 0], ['READ', 0, 0], ['PUSH', 0, 0], ['JEQ', 87, 0], ['JNE', 80, 0], ['POP', 0, 0], ['LADR', 0, 0], ['LOAD', 0, 0], ['PUSH', 29, 1], ['INCR', 0, 0], ['LOAD', 29, 0], ['JMP', 74, 0], ['POP', 0, 0], ['POP', 0, 0], ['POP', 0, 0], ['PUSH', 0, 0], ['LOAD', 1, 0], ['ADR', 22, 0], ['LOAD', 0, 0], ['JMP', 95, 0], ['PUSH', 0, 1], ['INCR', 0, 0], ['PADR', 0, 0], ['PRINT', 0, 0], ['PUSH', 1, 1], ['INCR', 0, 0], ['PUSH', 22, 1], ['JNE', 104, 0], ['JEQ', 108, 0], ['POP', 0, 0], ['LOAD', 1, 0], ['LOAD', 0, 0], ['JMP', 95, 0], ['POP', 0, 0], ['POP', 0, 0], ['POP', 0, 0], ['PUSH', 32, 0], ['PRINT', 0, 0], ['PUSH', 0, 0], ['LOAD', 1, 0], ['ADR', 29, 0], ['LOAD', 0, 0], ['JMP', 118, 0], ['PUSH', 0, 1], ['INCR', 0, 0], ['PADR', 0, 0], ['PRINT', 0, 0], ['PUSH', 1, 1], ['INCR', 0, 0], ['PUSH', 29, 1], ['JNE', 127, 0], ['JEQ', 9, 0], ['POP', 0, 0], ['LOAD', 1, 0], ['LOAD', 0, 0], ['JMP', 118, 0], ['PUSH', 33, 0], ['PRINT', 0, 0], ['HLT', 0, 0]]
control_unit_logger - INFO - CONTROL UNIT - Count of instructions 0 | Command pointer 0 
control_unit_logger - INFO - INCRUCTIONS - Executing JMP ADR 2
control_unit_logger - INFO - STACK MEMORY - []
control_unit_logger - INFO - CONTROL UNIT - Count of instructions 1 | Command pointer 1 
control_unit_logger - INFO - INCRUCTIONS - Executing JMP ADR 3
control_unit_logger - INFO - STACK MEMORY - []
control_unit_logger - INFO - CONTROL UNIT - Count of instructions 2 | Command pointer 2 
control_unit_logger - INFO - INCRUCTIONS - Executing READ VALUE 82
control_unit_logger - INFO - STACK MEMORY - [82]
control_unit_logger - INFO - CONTROL UNIT - Count of instructions 3 | Command pointer 3 
control_unit_logger - INFO - INCRUCTIONS - Executing PUSH VALUE #0
control_unit_logger - INFO - STACK MEMORY - [82, 0]
control_unit_logger - INFO - CONTROL UNIT - Count of instructions 4 | Command pointer 4 
control_unit_logger - INFO - ALU - Executing COMPARE == 82 and 0 | ALU result=0 | zero=False | result=False
control_unit_logger - INFO - INCRUCTIONS - Executing JEQ ADR 9
control_unit_logger - INFO - STACK MEMORY - [82, 0]
control_unit_logger - INFO - CONTROL UNIT - Count of instructions 5 | Command pointer 5 
control_unit_logger - INFO - INCRUCTIONS - Executing POP
control_unit_logger - INFO - STACK MEMORY - [82]
control_unit_logger - INFO - CONTROL UNIT - Count of instructions 6 | Command pointer 6 
control_unit_logger - INFO - INCRUCTIONS - Executing PRINT VALUE R
control_unit_logger - INFO - STACK MEMORY - []
control_unit_logger - INFO - CONTROL UNIT - Count of instructions 7 | Command pointer 7 
control_unit_logger - INFO - INCRUCTIONS - Executing JMP ADR 3
control_unit_logger - INFO - STACK MEMORY - []
control_unit_logger - INFO - CONTROL UNIT - Count of instructions 8 | Command pointer 2 
control_unit_logger - INFO - INCRUCTIONS - Executing READ VALUE 111
control_unit_logger - INFO - STACK MEMORY - [111]
control_unit_logger - INFO - CONTROL UNIT - Count of instructions 9 | Command pointer 3 
control_unit_logger - INFO - INCRUCTIONS - Executing PUSH VALUE #0
control_unit_logger - INFO - STACK MEMORY - [111, 0]
control_unit_logger - INFO - CONTROL UNIT - Count of instructions 10 | Command pointer 4 
control_unit_logger - INFO - ALU - Executing COMPARE == 111 and 0 | ALU result=0 | zero=False | result=False
control_unit_logger - INFO - INCRUCTIONS - Executing JEQ ADR 9
control_unit_logger - INFO - STACK MEMORY - [111, 0]
control_unit_logger - INFO - CONTROL UNIT - Count of instructions 11 | Command pointer 5 
control_unit_logger - INFO - INCRUCTIONS - Executing POP
control_unit_logger - INFO - STACK MEMORY - [111]
control_unit_logger - INFO - CONTROL UNIT - Count of instructions 12 | Command pointer 6 
control_unit_logger - INFO - INCRUCTIONS - Executing PRINT VALUE o
control_unit_logger - INFO - STACK MEMORY - []
control_unit_logger - INFO - CONTROL UNIT - Count of instructions 13 | Command pointer 7 
control_unit_logger - INFO - INCRUCTIONS - Executing JMP ADR 3
control_unit_logger - INFO - STACK MEMORY - []
control_unit_logger - INFO - CONTROL UNIT - Count of instructions 14 | Command pointer 2 
control_unit_logger - INFO - INCRUCTIONS - Executing READ VALUE 109
control_unit_logger - INFO - STACK MEMORY - [109]
control_unit_logger - INFO - CONTROL UNIT - Count of instructions 15 | Command pointer 3 
control_unit_logger - INFO - INCRUCTIONS - Executing PUSH VALUE #0
control_unit_logger - INFO - STACK MEMORY - [109, 0]
control_unit_logger - INFO - CONTROL UNIT - Count of instructions 16 | Command pointer 4 
control_unit_logger - INFO - ALU - Executing COMPARE == 109 and 0 | ALU result=0 | zero=False | result=False
control_unit_logger - INFO - INCRUCTIONS - Executing JEQ ADR 9
control_unit_logger - INFO - STACK MEMORY - [109, 0]
control_unit_logger - INFO - CONTROL UNIT - Count of instructions 17 | Command pointer 5 
control_unit_logger - INFO - INCRUCTIONS - Executing POP
control_unit_logger - INFO - STACK MEMORY - [109]
control_unit_logger - INFO - CONTROL UNIT - Count of instructions 18 | Command pointer 6 
control_unit_logger - INFO - INCRUCTIONS - Executing PRINT VALUE m
control_unit_logger - INFO - STACK MEMORY - []
control_unit_logger - INFO - CONTROL UNIT - Count of instructions 19 | Command pointer 7 
control_unit_logger - INFO - INCRUCTIONS - Executing JMP ADR 3
control_unit_logger - INFO - STACK MEMORY - []
control_unit_logger - INFO - CONTROL UNIT - Count of instructions 20 | Command pointer 2 
control_unit_logger - INFO - INCRUCTIONS - Executing READ VALUE 97
control_unit_logger - INFO - STACK MEMORY - [97]
control_unit_logger - INFO - CONTROL UNIT - Count of instructions 21 | Command pointer 3 
control_unit_logger - INFO - INCRUCTIONS - Executing PUSH VALUE #0
control_unit_logger - INFO - STACK MEMORY - [97, 0]
control_unit_logger - INFO - CONTROL UNIT - Count of instructions 22 | Command pointer 4 
control_unit_logger - INFO - ALU - Executing COMPARE == 97 and 0 | ALU result=0 | zero=False | result=False
control_unit_logger - INFO - INCRUCTIONS - Executing JEQ ADR 9
control_unit_logger - INFO - STACK MEMORY - [97, 0]
control_unit_logger - INFO - CONTROL UNIT - Count of instructions 23 | Command pointer 5 
control_unit_logger - INFO - INCRUCTIONS - Executing POP
control_unit_logger - INFO - STACK MEMORY - [97]
control_unit_logger - INFO - CONTROL UNIT - Count of instructions 24 | Command pointer 6 
control_unit_logger - INFO - INCRUCTIONS - Executing PRINT VALUE a
control_unit_logger - INFO - STACK MEMORY - []
control_unit_logger - INFO - CONTROL UNIT - Count of instructions 25 | Command pointer 7 
control_unit_logger - INFO - INCRUCTIONS - Executing JMP ADR 3
control_unit_logger - INFO - STACK MEMORY - []
control_unit_logger - INFO - CONTROL UNIT - Count of instructions 26 | Command pointer 2 
control_unit_logger - INFO - INCRUCTIONS - Executing READ VALUE 110
control_unit_logger - INFO - STACK MEMORY - [110]
control_unit_logger - INFO - CONTROL UNIT - Count of instructions 27 | Command pointer 3 
control_unit_logger - INFO - INCRUCTIONS - Executing PUSH VALUE #0
control_unit_logger - INFO - STACK MEMORY - [110, 0]
control_unit_logger - INFO - CONTROL UNIT - Count of instructions 28 | Command pointer 4 
control_unit_logger - INFO - ALU - Executing COMPARE == 110 and 0 | ALU result=0 | zero=False | result=False
control_unit_logger - INFO - INCRUCTIONS - Executing JEQ ADR 9
control_unit_logger - INFO - STACK MEMORY - [110, 0]
control_unit_logger - INFO - CONTROL UNIT - Count of instructions 29 | Command pointer 5 
control_unit_logger - INFO - INCRUCTIONS - Executing POP
control_unit_logger - INFO - STACK MEMORY - [110]
control_unit_logger - INFO - CONTROL UNIT - Count of instructions 30 | Command pointer 6 
control_unit_logger - INFO - INCRUCTIONS - Executing PRINT VALUE n
control_unit_logger - INFO - STACK MEMORY - []
control_unit_logger - INFO - CONTROL UNIT - Count of instructions 31 | Command pointer 7 
control_unit_logger - INFO - INCRUCTIONS - Executing JMP ADR 3
control_unit_logger - INFO - STACK MEMORY - []
control_unit_logger - INFO - CONTROL UNIT - Count of instructions 32 | Command pointer 2 
control_unit_logger - INFO - INCRUCTIONS - Executing READ VALUE 0
control_unit_logger - INFO - STACK MEMORY - [0]
control_unit_logger - INFO - CONTROL UNIT - Count of instructions 33 | Command pointer 3 
control_unit_logger - INFO - INCRUCTIONS - Executing PUSH VALUE #0
control_unit_logger - INFO - STACK MEMORY - [0, 0]
control_unit_logger - INFO - CONTROL UNIT - Count of instructions 34 | Command pointer 4 
control_unit_logger - INFO - ALU - Executing COMPARE == 0 and 0 | ALU result=1 | zero=False | result=False
control_unit_logger - INFO - INCRUCTIONS - Executing JEQ ADR 9
control_unit_logger - INFO - STACK MEMORY - [0, 0]
control_unit_logger - INFO - CONTROL UNIT - Count of instructions 35 | Command pointer 8 
control_unit_logger - INFO - INCRUCTIONS - Executing HLT
control_unit_logger - INFO - STACK MEMORY - [0, 0]
control_unit_logger - INFO - CONTROL UNIT - Count of instructions 36 | Command pointer 9 
